# JRE version: OpenJDK Runtime Environment JBR-11.0.13.8-1504.49-jcef (11.0.13+8) (build 11.0.13+8-b1504.49)
# Java VM: OpenJDK 64-Bit Server VM JBR-11.0.13.8-1504.49-jcef (11.0.13+8-b1504.49, mixed mode, tiered, compressed oops, g1 gc, windows-amd64)
Heap:
 garbage-first heap   total 131072K, used 24949K [0x00000000d1200000, 0x0000000100000000)
  region size 1024K, 22 young (22528K), 3 survivors (3072K)
 Metaspace       used 17810K, capacity 18503K, committed 18688K, reserved 1067008K
  class space    used 1775K, capacity 2014K, committed 2048K, reserved 1048576K
GC Heap History (6 events):
Event: 9.434 GC heap before
{Heap before GC invocations=0 (full 0):
 garbage-first heap   total 131072K, used 15360K [0x00000000d1200000, 0x0000000100000000)
  region size 1024K, 14 young (14336K), 0 survivors (0K)
 Metaspace       used 11895K, capacity 12435K, committed 12544K, reserved 1060864K
  class space    used 1228K, capacity 1444K, committed 1536K, reserved 1048576K
}
Event: 9.449 GC heap after
{Heap after GC invocations=1 (full 0):
 garbage-first heap   total 131072K, used 4187K [0x00000000d1200000, 0x0000000100000000)
  region size 1024K, 2 young (2048K), 2 survivors (2048K)
 Metaspace       used 11895K, capacity 12435K, committed 12544K, reserved 1060864K
  class space    used 1228K, capacity 1444K, committed 1536K, reserved 1048576K
}
Event: 10.096 GC heap before
{Heap before GC invocations=1 (full 0):
 garbage-first heap   total 131072K, used 8283K [0x00000000d1200000, 0x0000000100000000)
  region size 1024K, 6 young (6144K), 2 survivors (2048K)
 Metaspace       used 13834K, capacity 14382K, committed 14592K, reserved 1062912K
  class space    used 1459K, capacity 1667K, committed 1792K, reserved 1048576K
}
Event: 10.106 GC heap after
{Heap after GC invocations=2 (full 0):
 garbage-first heap   total 131072K, used 4963K [0x00000000d1200000, 0x0000000100000000)
  region size 1024K, 1 young (1024K), 1 survivors (1024K)
 Metaspace       used 13834K, capacity 14382K, committed 14592K, reserved 1062912K
  class space    used 1459K, capacity 1667K, committed 1792K, reserved 1048576K
}
Event: 27.713 GC heap before
{Heap before GC invocations=2 (full 0):
 garbage-first heap   total 131072K, used 27491K [0x00000000d1200000, 0x0000000100000000)
  region size 1024K, 23 young (23552K), 1 survivors (1024K)
 Metaspace       used 17675K, capacity 18289K, committed 18432K, reserved 1064960K
  class space    used 1774K, capacity 2011K, committed 2048K, reserved 1048576K
}
Event: 27.759 GC heap after
{Heap after GC invocations=3 (full 0):
 garbage-first heap   total 131072K, used 6517K [0x00000000d1200000, 0x0000000100000000)
  region size 1024K, 3 young (3072K), 3 survivors (3072K)
 Metaspace       used 17675K, capacity 18289K, committed 18432K, reserved 1064960K
  class space    used 1774K, capacity 2011K, committed 2048K, reserved 1048576K
}

